<?xml version="1.0" encoding="UTF-8"?>
<!-- Generated by org.testng.reporters.JUnitReportReporter -->
<testsuite hostname="DESKTOP-H3PUHDU" failures="0" tests="1" name="ratecalculator.tests.RateCalculatorTests" time="1.900" errors="0" timestamp="2024-11-05T21:36:06 SGT" skipped="0">
  <testcase classname="ratecalculator.tests.RateCalculatorTests" name="calculateShippingRate" time="1.900"/>
  <system-out/>
</testsuite> <!-- ratecalculator.tests.RateCalculatorTests -->
